\BOOKMARK [1][-]{section*.1}{Introduction}{}% 1
\BOOKMARK [1][-]{section*.2}{Results}{}% 2
\BOOKMARK [2][-]{subsection*.3}{Rvs167, rather than Vps1 influences coat movement}{section*.2}% 3
\BOOKMARK [2][-]{subsection*.5}{Synaptojanins likely influence vesicle uncoating, but not scission dynamics.}{section*.2}% 4
\BOOKMARK [2][-]{subsection*.7}{Rvs BAR domains recognize membrane curvature in-vivo}{section*.2}% 5
\BOOKMARK [2][-]{subsection*.9}{Rvs SH3 domains have an actin and curvature independent localisation}{section*.2}% 6
\BOOKMARK [2][-]{subsection*.10}{SH3 domains are likely recruited by Myosin 3}{section*.2}% 7
\BOOKMARK [3][-]{subsubsection*.12}{red what about the differences in myo5 and myo3 number... }{subsection*.10}% 8
\BOOKMARK [2][-]{subsection*.13}{Loss of Rvs167 SH3 domain affects coat and actin dynamics}{section*.2}% 9
\BOOKMARK [2][-]{subsection*.15}{Increased BAR domain recruitment corresponds to increased membrane movement}{section*.2}% 10
\BOOKMARK [1][-]{section*.17}{Discussion}{}% 11
\BOOKMARK [2][-]{subsection*.18}{BAR domains sense in vivo membrane curvature and time recruitment of Rvs}{section*.17}% 12
\BOOKMARK [2][-]{subsection*.19}{SH3 domains allow efficient and actin independent recruitment}{section*.17}% 13
\BOOKMARK [2][-]{subsection*.20}{Loss of SH3 domain disrupts endocytic actin network dynamics}{section*.17}% 14
\BOOKMARK [2][-]{subsection*.21}{Rvs acts as a membrane scaffold preventing membrane scission}{section*.17}% 15
\BOOKMARK [2][-]{subsection*.22}{What causes membrane scission?}{section*.17}% 16
\BOOKMARK [2][-]{subsection*.23}{Model for membrane scission}{section*.17}% 17
\BOOKMARK [1][-]{section*.25}{Methods and Materials}{}% 18
\BOOKMARK [2][-]{subsection*.26}{Homologous recombination with PCR casette insertion}{section*.25}% 19
\BOOKMARK [2][-]{subsection*.27}{Live-cell imaging and electron microscopy}{section*.25}% 20
\BOOKMARK [3][-]{subsubsection*.28}{Sample preparation for live imaging}{subsection*.27}% 21
\BOOKMARK [3][-]{subsubsection*.29}{Sample preparation for live imaging in LatA and sorbitol treated cells}{subsection*.27}% 22
\BOOKMARK [3][-]{subsubsection*.30}{Epifluorescent imaging for centroid tracking}{subsection*.27}% 23
\BOOKMARK [3][-]{subsubsection*.31}{Epifluorescent imaging for molecule number quantification}{subsection*.27}% 24
\BOOKMARK [2][-]{subsection*.32}{Live-cell image analysis}{section*.25}% 25
\BOOKMARK [2][-]{subsection*.33}{Cytoplasmic background quantification}{section*.25}% 26
\BOOKMARK [2][-]{subsection*.34}{Citations}{section*.25}% 27
\BOOKMARK [1][-]{section*.35}{Acknowledgments}{}% 28
\BOOKMARK [1][-]{section*.36}{Supplementary Material}{}% 29
